<?xml version="1.0" encoding="UTF-8"?>
<!-- Generated by org.testng.reporters.JUnitReportReporter -->
<testsuite hostname="Suganyas-Mac-mini.local" failures="0" tests="6" name="LoginFunctionality.LoginWithMultipleSetsofData" time="15.809" errors="0" timestamp="2024-07-22T15:38:29 IST" skipped="0">
  <testcase classname="LoginFunctionality.LoginWithMultipleSetsofData" name="verifyLoginCredentials" time="1.640"/>
  <testcase classname="LoginFunctionality.LoginWithMultipleSetsofData" name="verifyLoginCredentials" time="1.693"/>
  <testcase classname="LoginFunctionality.LoginWithMultipleSetsofData" name="verifyLoginCredentials" time="6.686"/>
  <testcase classname="LoginFunctionality.LoginWithMultipleSetsofData" name="verifyLoginCredentials" time="2.267"/>
  <testcase classname="LoginFunctionality.LoginWithMultipleSetsofData" name="verifyLoginCredentials" time="1.760"/>
  <testcase classname="LoginFunctionality.LoginWithMultipleSetsofData" name="verifyLoginCredentials" time="1.763"/>
</testsuite> <!-- LoginFunctionality.LoginWithMultipleSetsofData -->
